<?xml version="1.0" encoding="UTF-8"?>
<testsuite xmlns:xsi="http://www.w3.org/2001/XMLSchema-instance" xsi:noNamespaceSchemaLocation="https://maven.apache.org/surefire/maven-surefire-plugin/xsd/surefire-test-report-3.0.xsd" version="3.0" name="com.htl.pojo.ChucVuTest" time="0.001" tests="5" errors="0" skipped="0" failures="0">
  <properties>
    <property name="java.specification.version" value="18"/>
    <property name="sun.cpu.isalist" value="amd64"/>
    <property name="sun.jnu.encoding" value="Cp1252"/>
    <property name="java.class.path" value="C:\Users\MoeSubi\Downloads\OUMarket\OUMarket\target\test-classes;C:\Users\MoeSubi\.m2\repository\org\openjfx\javafx-controls\13\javafx-controls-13.jar;C:\Users\MoeSubi\.m2\repository\org\openjfx\javafx-graphics\13\javafx-graphics-13.jar;C:\Users\MoeSubi\.m2\repository\org\openjfx\javafx-base\13\javafx-base-13.jar;C:\Users\MoeSubi\.m2\repository\org\controlsfx\controlsfx\9.0.0\controlsfx-9.0.0.jar;C:\Users\MoeSubi\.m2\repository\org\openjfx\javafx-fxml\13\javafx-fxml-13.jar;C:\Users\MoeSubi\.m2\repository\org\junit\jupiter\junit-jupiter-engine\5.7.0-M1\junit-jupiter-engine-5.7.0-M1.jar;C:\Users\MoeSubi\.m2\repository\org\apiguardian\apiguardian-api\1.1.0\apiguardian-api-1.1.0.jar;C:\Users\MoeSubi\.m2\repository\org\junit\platform\junit-platform-engine\1.7.0-M1\junit-platform-engine-1.7.0-M1.jar;C:\Users\MoeSubi\.m2\repository\org\junit\jupiter\junit-jupiter-params\5.7.0-M1\junit-jupiter-params-5.7.0-M1.jar;C:\Users\MoeSubi\.m2\repository\org\junit\platform\junit-platform-runner\1.7.0-M1\junit-platform-runner-1.7.0-M1.jar;C:\Users\MoeSubi\.m2\repository\junit\junit\4.13\junit-4.13.jar;C:\Users\MoeSubi\.m2\repository\org\hamcrest\hamcrest-core\1.3\hamcrest-core-1.3.jar;C:\Users\MoeSubi\.m2\repository\org\junit\platform\junit-platform-launcher\1.7.0-M1\junit-platform-launcher-1.7.0-M1.jar;C:\Users\MoeSubi\.m2\repository\org\junit\platform\junit-platform-suite-api\1.7.0-M1\junit-platform-suite-api-1.7.0-M1.jar;C:\Users\MoeSubi\.m2\repository\mysql\mysql-connector-java\8.0.28\mysql-connector-java-8.0.28.jar;C:\Users\MoeSubi\.m2\repository\com\google\protobuf\protobuf-java\3.11.4\protobuf-java-3.11.4.jar;C:\Users\MoeSubi\.m2\repository\org\junit\vintage\junit-vintage-engine\5.8.2\junit-vintage-engine-5.8.2.jar;C:\Users\MoeSubi\.m2\repository\org\junit\jupiter\junit-jupiter-api\5.8.2\junit-jupiter-api-5.8.2.jar;C:\Users\MoeSubi\.m2\repository\org\opentest4j\opentest4j\1.2.0\opentest4j-1.2.0.jar;C:\Users\MoeSubi\.m2\repository\org\junit\platform\junit-platform-commons\1.8.2\junit-platform-commons-1.8.2.jar;"/>
    <property name="java.vm.vendor" value="Oracle Corporation"/>
    <property name="sun.arch.data.model" value="64"/>
    <property name="user.variant" value=""/>
    <property name="java.vendor.url" value="https://java.oracle.com/"/>
    <property name="user.timezone" value="Asia/Saigon"/>
    <property name="os.name" value="Windows 10"/>
    <property name="java.vm.specification.version" value="18"/>
    <property name="user.country" value="US"/>
    <property name="sun.java.launcher" value="SUN_STANDARD"/>
    <property name="sun.boot.library.path" value="C:\Program Files\Java\jdk-18.0.1\bin"/>
    <property name="sun.java.command" value="org.apache.maven.surefire.booter.ForkedBooter C:\Users\MoeSubi\AppData\Local\Temp\surefire8995047997117699802 2022-04-26T09-16-01_695-jvmRun1 surefire858387811828796292tmp surefire_016170464934386964895tmp"/>
    <property name="jdk.debug" value="release"/>
    <property name="surefire.test.class.path" value="C:\Users\MoeSubi\Downloads\OUMarket\OUMarket\target\test-classes;C:\Users\MoeSubi\.m2\repository\org\openjfx\javafx-controls\13\javafx-controls-13.jar;C:\Users\MoeSubi\.m2\repository\org\openjfx\javafx-graphics\13\javafx-graphics-13.jar;C:\Users\MoeSubi\.m2\repository\org\openjfx\javafx-base\13\javafx-base-13.jar;C:\Users\MoeSubi\.m2\repository\org\controlsfx\controlsfx\9.0.0\controlsfx-9.0.0.jar;C:\Users\MoeSubi\.m2\repository\org\openjfx\javafx-fxml\13\javafx-fxml-13.jar;C:\Users\MoeSubi\.m2\repository\org\junit\jupiter\junit-jupiter-engine\5.7.0-M1\junit-jupiter-engine-5.7.0-M1.jar;C:\Users\MoeSubi\.m2\repository\org\apiguardian\apiguardian-api\1.1.0\apiguardian-api-1.1.0.jar;C:\Users\MoeSubi\.m2\repository\org\junit\platform\junit-platform-engine\1.7.0-M1\junit-platform-engine-1.7.0-M1.jar;C:\Users\MoeSubi\.m2\repository\org\junit\jupiter\junit-jupiter-params\5.7.0-M1\junit-jupiter-params-5.7.0-M1.jar;C:\Users\MoeSubi\.m2\repository\org\junit\platform\junit-platform-runner\1.7.0-M1\junit-platform-runner-1.7.0-M1.jar;C:\Users\MoeSubi\.m2\repository\junit\junit\4.13\junit-4.13.jar;C:\Users\MoeSubi\.m2\repository\org\hamcrest\hamcrest-core\1.3\hamcrest-core-1.3.jar;C:\Users\MoeSubi\.m2\repository\org\junit\platform\junit-platform-launcher\1.7.0-M1\junit-platform-launcher-1.7.0-M1.jar;C:\Users\MoeSubi\.m2\repository\org\junit\platform\junit-platform-suite-api\1.7.0-M1\junit-platform-suite-api-1.7.0-M1.jar;C:\Users\MoeSubi\.m2\repository\mysql\mysql-connector-java\8.0.28\mysql-connector-java-8.0.28.jar;C:\Users\MoeSubi\.m2\repository\com\google\protobuf\protobuf-java\3.11.4\protobuf-java-3.11.4.jar;C:\Users\MoeSubi\.m2\repository\org\junit\vintage\junit-vintage-engine\5.8.2\junit-vintage-engine-5.8.2.jar;C:\Users\MoeSubi\.m2\repository\org\junit\jupiter\junit-jupiter-api\5.8.2\junit-jupiter-api-5.8.2.jar;C:\Users\MoeSubi\.m2\repository\org\opentest4j\opentest4j\1.2.0\opentest4j-1.2.0.jar;C:\Users\MoeSubi\.m2\repository\org\junit\platform\junit-platform-commons\1.8.2\junit-platform-commons-1.8.2.jar;"/>
    <property name="sun.cpu.endian" value="little"/>
    <property name="user.home" value="C:\Users\MoeSubi"/>
    <property name="user.language" value="en"/>
    <property name="java.specification.vendor" value="Oracle Corporation"/>
    <property name="jdk.module.path" value="C:\Users\MoeSubi\Downloads\OUMarket\OUMarket\target\classes;C:\Users\MoeSubi\.m2\repository\org\openjfx\javafx-controls\13\javafx-controls-13-win.jar;C:\Users\MoeSubi\.m2\repository\org\openjfx\javafx-graphics\13\javafx-graphics-13-win.jar;C:\Users\MoeSubi\.m2\repository\org\openjfx\javafx-base\13\javafx-base-13-win.jar;C:\Users\MoeSubi\.m2\repository\org\openjfx\javafx-fxml\13\javafx-fxml-13-win.jar"/>
    <property name="java.version.date" value="2022-04-19"/>
    <property name="java.home" value="C:\Program Files\Java\jdk-18.0.1"/>
    <property name="file.separator" value="\"/>
    <property name="basedir" value="C:\Users\MoeSubi\Downloads\OUMarket\OUMarket"/>
    <property name="java.vm.compressedOopsMode" value="Zero based"/>
    <property name="line.separator" value="&#10;"/>
    <property name="java.vm.specification.vendor" value="Oracle Corporation"/>
    <property name="java.specification.name" value="Java Platform API Specification"/>
    <property name="surefire.real.class.path" value="C:\Users\MoeSubi\.m2\repository\org\apache\maven\surefire\surefire-booter\3.0.0-M6\surefire-booter-3.0.0-M6.jar;C:\Users\MoeSubi\.m2\repository\org\apache\maven\surefire\surefire-api\3.0.0-M6\surefire-api-3.0.0-M6.jar;C:\Users\MoeSubi\.m2\repository\org\apache\maven\surefire\surefire-logger-api\3.0.0-M6\surefire-logger-api-3.0.0-M6.jar;C:\Users\MoeSubi\.m2\repository\org\apache\maven\surefire\surefire-shared-utils\3.0.0-M6\surefire-shared-utils-3.0.0-M6.jar;C:\Users\MoeSubi\.m2\repository\org\apache\maven\surefire\surefire-extensions-spi\3.0.0-M6\surefire-extensions-spi-3.0.0-M6.jar;C:\Users\MoeSubi\Downloads\OUMarket\OUMarket\target\test-classes;C:\Users\MoeSubi\.m2\repository\org\openjfx\javafx-controls\13\javafx-controls-13.jar;C:\Users\MoeSubi\.m2\repository\org\openjfx\javafx-graphics\13\javafx-graphics-13.jar;C:\Users\MoeSubi\.m2\repository\org\openjfx\javafx-base\13\javafx-base-13.jar;C:\Users\MoeSubi\.m2\repository\org\controlsfx\controlsfx\9.0.0\controlsfx-9.0.0.jar;C:\Users\MoeSubi\.m2\repository\org\openjfx\javafx-fxml\13\javafx-fxml-13.jar;C:\Users\MoeSubi\.m2\repository\org\junit\jupiter\junit-jupiter-engine\5.7.0-M1\junit-jupiter-engine-5.7.0-M1.jar;C:\Users\MoeSubi\.m2\repository\org\apiguardian\apiguardian-api\1.1.0\apiguardian-api-1.1.0.jar;C:\Users\MoeSubi\.m2\repository\org\junit\platform\junit-platform-engine\1.7.0-M1\junit-platform-engine-1.7.0-M1.jar;C:\Users\MoeSubi\.m2\repository\org\junit\jupiter\junit-jupiter-params\5.7.0-M1\junit-jupiter-params-5.7.0-M1.jar;C:\Users\MoeSubi\.m2\repository\org\junit\platform\junit-platform-runner\1.7.0-M1\junit-platform-runner-1.7.0-M1.jar;C:\Users\MoeSubi\.m2\repository\junit\junit\4.13\junit-4.13.jar;C:\Users\MoeSubi\.m2\repository\org\hamcrest\hamcrest-core\1.3\hamcrest-core-1.3.jar;C:\Users\MoeSubi\.m2\repository\org\junit\platform\junit-platform-launcher\1.7.0-M1\junit-platform-launcher-1.7.0-M1.jar;C:\Users\MoeSubi\.m2\repository\org\junit\platform\junit-platform-suite-api\1.7.0-M1\junit-platform-suite-api-1.7.0-M1.jar;C:\Users\MoeSubi\.m2\repository\mysql\mysql-connector-java\8.0.28\mysql-connector-java-8.0.28.jar;C:\Users\MoeSubi\.m2\repository\com\google\protobuf\protobuf-java\3.11.4\protobuf-java-3.11.4.jar;C:\Users\MoeSubi\.m2\repository\org\junit\vintage\junit-vintage-engine\5.8.2\junit-vintage-engine-5.8.2.jar;C:\Users\MoeSubi\.m2\repository\org\junit\jupiter\junit-jupiter-api\5.8.2\junit-jupiter-api-5.8.2.jar;C:\Users\MoeSubi\.m2\repository\org\opentest4j\opentest4j\1.2.0\opentest4j-1.2.0.jar;C:\Users\MoeSubi\.m2\repository\org\junit\platform\junit-platform-commons\1.8.2\junit-platform-commons-1.8.2.jar;C:\Users\MoeSubi\.m2\repository\org\apache\maven\surefire\surefire-junit4\3.0.0-M6\surefire-junit4-3.0.0-M6.jar;C:\Users\MoeSubi\.m2\repository\org\apache\maven\surefire\common-java5\3.0.0-M6\common-java5-3.0.0-M6.jar;C:\Users\MoeSubi\.m2\repository\org\apache\maven\surefire\common-junit3\3.0.0-M6\common-junit3-3.0.0-M6.jar;C:\Users\MoeSubi\.m2\repository\org\apache\maven\surefire\common-junit4\3.0.0-M6\common-junit4-3.0.0-M6.jar"/>
    <property name="user.script" value=""/>
    <property name="sun.management.compiler" value="HotSpot 64-Bit Tiered Compilers"/>
    <property name="java.runtime.version" value="18.0.1+10-24"/>
    <property name="user.name" value="MoeSubi"/>
    <property name="path.separator" value=";"/>
    <property name="os.version" value="10.0"/>
    <property name="java.runtime.name" value="Java(TM) SE Runtime Environment"/>
    <property name="file.encoding" value="UTF-8"/>
    <property name="java.vm.name" value="Java HotSpot(TM) 64-Bit Server VM"/>
    <property name="maven.ext.class.path" value="C:\Program Files\NetBeans-13\netbeans\java\maven-nblib\netbeans-eventspy.jar"/>
    <property name="localRepository" value="C:\Users\MoeSubi\.m2\repository"/>
    <property name="java.vendor.url.bug" value="https://bugreport.java.com/bugreport/"/>
    <property name="java.io.tmpdir" value="C:\Users\MoeSubi\AppData\Local\Temp\"/>
    <property name="java.version" value="18.0.1"/>
    <property name="user.dir" value="C:\Users\MoeSubi\Downloads\OUMarket\OUMarket"/>
    <property name="os.arch" value="amd64"/>
    <property name="java.vm.specification.name" value="Java Virtual Machine Specification"/>
    <property name="sun.os.patch.level" value=""/>
    <property name="native.encoding" value="Cp1252"/>
    <property name="java.library.path" value="C:\Program Files\Java\jdk-18.0.1\bin;C:\WINDOWS\Sun\Java\bin;C:\WINDOWS\system32;C:\WINDOWS;C:\Program Files\Common Files\Oracle\Java\javapath;C:\Program Files (x86)\VMware\VMware Workstation\bin\;C:\Program Files (x86)\Common Files\Oracle\Java\javapath;C:\Program Files (x86)\Common Files\Intel\Shared Libraries\redist\intel64\compiler;C:\Windows\system32;C:\Windows;C:\Windows\System32\Wbem;C:\Windows\System32\WindowsPowerShell\v1.0\;C:\Program Files\Microsoft VS Code\bin;C:\Program Files\NVIDIA Corporation\NVIDIA NvDLISR;C:\WINDOWS\system32;C:\WINDOWS;C:\WINDOWS\System32\Wbem;C:\WINDOWS\System32\WindowsPowerShell\v1.0\;C:\WINDOWS\System32\OpenSSH\;C:\Program Files (x86)\NVIDIA Corporation\PhysX\Common;C:\Program Files\Microsoft SQL Server\130\Tools\Binn\;C:\Program Files\Microsoft SQL Server\Client SDK\ODBC\170\Tools\Binn\;C:\Program Files\dotnet\;C:\Program Files\Microsoft SQL Server\Client SDK\ODBC\110\Tools\Binn\;C:\Program Files (x86)\Microsoft SQL Server\100\Tools\Binn\;C:\Program Files\Microsoft SQL Server\100\Tools\Binn\;C:\Program Files\Microsoft SQL Server\100\DTS\Binn\;C:\Program Files (x86)\Microsoft SQL Server\100\Tools\Binn\VSShell\Common7\IDE\;C:\Program Files (x86)\Microsoft SQL Server\100\DTS\Binn\;C:\Program Files\Cloudflare\Cloudflare WARP\;C:\Program Files\nodejs\;C:\Program Files\Git\cmd;C:\Program Files\MySQL\MySQL Shell 8.0\bin\;C:\Users\MoeSubi\AppData\Local\Microsoft\WindowsApps;C:\Users\MoeSubi\AppData\Local\GitHubDesktop\bin;C:\Users\MoeSubi\.dotnet\tools;C:\Program Files\JetBrains\PyCharm Community Edition 2021.2.3\bin;;C:\Users\MoeSubi\AppData\Roaming\npm;."/>
    <property name="java.vm.info" value="mixed mode"/>
    <property name="java.vendor" value="Oracle Corporation"/>
    <property name="java.vm.version" value="18.0.1+10-24"/>
    <property name="sun.io.unicode.encoding" value="UnicodeLittle"/>
    <property name="java.class.version" value="62.0"/>
  </properties>
  <testcase name="testGetTenChucVu" classname="com.htl.pojo.ChucVuTest" time="0"/>
  <testcase name="testGetId" classname="com.htl.pojo.ChucVuTest" time="0"/>
  <testcase name="testSetId" classname="com.htl.pojo.ChucVuTest" time="0"/>
  <testcase name="testToString" classname="com.htl.pojo.ChucVuTest" time="0"/>
  <testcase name="testSetTenChucVu" classname="com.htl.pojo.ChucVuTest" time="0"/>
</testsuite>